<?xml version="1.0" encoding="UTF-8"?>
<!-- Generated by org.testng.reporters.JUnitReportReporter -->
<testsuite skipped="0" hostname="DESKTOP-B2FEL6J" name="com.example.OrganLoginTest" tests="1" failures="0" timestamp="2020-08-29T10:02:31 IST" time="24.724" errors="0">
  <testcase name="logintest" time="24.724" classname="com.example.OrganLoginTest"/>
  <system-out/>
</testsuite> <!-- com.example.OrganLoginTest -->
