<?xml version="1.0" encoding="UTF-8"?>
<!-- Generated by org.testng.reporters.JUnitReportReporter -->
<testsuite skipped="0" hostname="DESKTOP-B2FEL6J" name="com.example.TestNGDemo" tests="2" failures="0" timestamp="2020-08-29T08:49:15 IST" time="37.451" errors="0">
  <testcase name="test02" time="18.910" classname="com.example.TestNGDemo"/>
  <system-out/>
  <testcase name="test01" time="18.541" classname="com.example.TestNGDemo"/>
  <system-out/>
</testsuite> <!-- com.example.TestNGDemo -->
